#! /usr/local/bin/vvp
:ivl_version "10.1 (stable)" "(v10_1-101-g0f28b03)";
:ivl_delay_selection "TYPICAL";
:vpi_time_precision + 0;
:vpi_module "system";
:vpi_module "vhdl_sys";
:vpi_module "v2005_math";
:vpi_module "va_math";
S_0x1531db0 .scope module, "CU" "CU" 2 2;
 .timescale 0 0;
    .port_info 0 /OUTPUT 1 "en"
    .port_info 1 /OUTPUT 1 "rwb"
    .port_info 2 /OUTPUT 1 "memaddr"
    .port_info 3 /INOUT 1 "memdata"
L_0x156e6c0 .functor AND 1, v0x156df40_0, v0x156e1b0_0, C4<1>, C4<1>;
v0x1532610_0 .var "IR", 11 0;
v0x156d2d0_0 .var "MAR", 7 0;
v0x156d3b0_0 .var "MDR", 11 0;
v0x156d4a0_0 .var "PC", 7 0;
v0x156d580 .array "REGS", 0 11, 7 0;
v0x156d690_0 .net *"_s10", 0 0, L_0x156e6c0;  1 drivers
L_0x7f1bd0e86018 .functor BUFT 1, C4<000000000000>, C4<0>, C4<0>, C4<0>;
v0x156d750_0 .net/2u *"_s12", 11 0, L_0x7f1bd0e86018;  1 drivers
v0x156d830_0 .net *"_s14", 11 0, L_0x157e810;  1 drivers
v0x156d910_0 .net "dest", 3 0, L_0x156e380;  1 drivers
v0x156da80_0 .net "en", 0 0, v0x156df40_0;  1 drivers
v0x156db40_0 .net "memaddr", 0 0, L_0x156e450;  1 drivers
v0x156dc00_0 .net "memdata", 0 0, L_0x157e980;  1 drivers
v0x156dcc0_0 .var "opcode", 3 0;
v0x156dda0_0 .net "rwb", 0 0, v0x156e1b0_0;  1 drivers
v0x156de60_0 .net "src", 3 0, L_0x156e2b0;  1 drivers
v0x156df40_0 .var "tmp_en", 0 0;
v0x156e000_0 .var "tmp_memdata", 11 0;
v0x156e1b0_0 .var "tmp_rwb", 0 0;
L_0x156e2b0 .part v0x1532610_0, 0, 4;
L_0x156e380 .part v0x1532610_0, 4, 4;
L_0x156e450 .part v0x156d2d0_0, 0, 1;
L_0x157e810 .functor MUXZ 12, L_0x7f1bd0e86018, v0x156e000_0, L_0x156e6c0, C4<>;
L_0x157e980 .part L_0x157e810, 0, 1;
    .scope S_0x1531db0;
T_0 ;
    %pushi/vec4 0, 0, 8;
    %store/vec4 v0x156d4a0_0, 0, 8;
    %end;
    .thread T_0;
    .scope S_0x1531db0;
T_1 ;
    %load/vec4 v0x156d4a0_0;
    %store/vec4 v0x156d2d0_0, 0, 8;
    %load/vec4 v0x156d4a0_0;
    %addi 1, 0, 8;
    %store/vec4 v0x156d4a0_0, 0, 8;
    %pushi/vec4 1, 0, 1;
    %store/vec4 v0x156df40_0, 0, 1;
    %pushi/vec4 1, 0, 1;
    %store/vec4 v0x156e1b0_0, 0, 1;
    %delay 50, 0;
    %load/vec4 v0x156dc00_0;
    %pad/u 12;
    %store/vec4 v0x1532610_0, 0, 12;
    %load/vec4 v0x1532610_0;
    %parti/s 1, 11, 5;
    %pad/u 32;
    %cmpi/e 0, 0, 32;
    %jmp/0xz  T_1.0, 4;
    %load/vec4 v0x1532610_0;
    %parti/s 3, 8, 5;
    %dup/vec4;
    %pushi/vec4 0, 0, 3;
    %cmp/u;
    %jmp/1 T_1.2, 6;
    %dup/vec4;
    %pushi/vec4 1, 0, 3;
    %cmp/u;
    %jmp/1 T_1.3, 6;
    %dup/vec4;
    %pushi/vec4 2, 0, 3;
    %cmp/u;
    %jmp/1 T_1.4, 6;
    %dup/vec4;
    %pushi/vec4 3, 0, 3;
    %cmp/u;
    %jmp/1 T_1.5, 6;
    %dup/vec4;
    %pushi/vec4 4, 0, 3;
    %cmp/u;
    %jmp/1 T_1.6, 6;
    %jmp T_1.7;
T_1.2 ;
    %vpi_call 2 53 "$finish" {0 0 0};
    %jmp T_1.7;
T_1.3 ;
    %load/vec4 v0x156d910_0;
    %pad/u 32;
    %cmpi/u 11, 0, 32;
    %flag_get/vec4 4;
    %flag_get/vec4 5;
    %or;
    %load/vec4 v0x156de60_0;
    %pad/u 32;
    %cmpi/u 11, 0, 32;
    %flag_get/vec4 4;
    %flag_get/vec4 5;
    %or;
    %and;
    %flag_set/vec4 8;
    %jmp/0xz  T_1.8, 8;
    %load/vec4 v0x156de60_0;
    %pad/u 5;
    %ix/vec4 4;
    %load/vec4a v0x156d580, 4;
    %load/vec4 v0x156d910_0;
    %pad/u 5;
    %ix/vec4 4;
    %store/vec4a v0x156d580, 4, 0;
T_1.8 ;
    %jmp T_1.7;
T_1.4 ;
    %load/vec4 v0x1532610_0;
    %parti/s 8, 0, 2;
    %store/vec4 v0x156d2d0_0, 0, 8;
    %pushi/vec4 1, 0, 1;
    %store/vec4 v0x156df40_0, 0, 1;
    %pushi/vec4 1, 0, 1;
    %store/vec4 v0x156e1b0_0, 0, 1;
    %delay 50, 0;
    %load/vec4 v0x156dc00_0;
    %pad/u 12;
    %store/vec4 v0x156d3b0_0, 0, 12;
    %jmp T_1.7;
T_1.5 ;
    %load/vec4 v0x1532610_0;
    %parti/s 8, 0, 2;
    %store/vec4 v0x156d2d0_0, 0, 8;
    %load/vec4 v0x156d3b0_0;
    %store/vec4 v0x156e000_0, 0, 12;
    %pushi/vec4 1, 0, 1;
    %store/vec4 v0x156df40_0, 0, 1;
    %pushi/vec4 0, 0, 1;
    %store/vec4 v0x156e1b0_0, 0, 1;
    %delay 50, 0;
    %jmp T_1.7;
T_1.6 ;
    %load/vec4 v0x1532610_0;
    %parti/s 8, 0, 2;
    %ix/load 4, 0, 0;
    %flag_set/imm 4, 0;
    %store/vec4a v0x156d580, 4, 0;
    %jmp T_1.7;
T_1.7 ;
    %pop/vec4 1;
    %jmp T_1.1;
T_1.0 ;
    %load/vec4 v0x1532610_0;
    %parti/s 3, 8, 5;
    %pad/u 4;
    %store/vec4 v0x156dcc0_0, 0, 4;
T_1.1 ;
    %jmp T_1;
    .thread T_1;
# The file index is used to find the file name in the following table.
:file_names 3;
    "N/A";
    "<interactive>";
    "CU.v";
